{"logTime": "0830/225939", "correlationVector":"BsY9ChOmqWdPAGQyRXM0ns.1","action":"SyncServerConnectionManagerRequest", "result":"SYNC_SERVER_OK", "context":{"environment":"Prod_germanywestcentral_prod-s01-010-eur-germanywestcentral", "migrationStage":"NotStarted", "server":"akswtt10100000a"}}
{"logTime": "0830/225939", "correlationVector":"BsY9ChOmqWdPAGQyRXM0ns.2","action":"ProcessGetUpdates", "result":"Done", "context":{"dataType":"Encryption Keys", "deleted":"0", "process_failed_to_decrypt":"0", "process_pending_decryption":"0", "process_success":"1", "total":"1"}}
{"logTime": "0830/225939", "correlationVector":"ycXRqXpcQhg4tRQs8Lc9L3","action":"SyncServerConnectionManagerRequest", "result":"SYNC_SERVER_OK", "context":{"environment":"", "migrationStage":"", "server":""}}
{"logTime": "0830/225939", "correlationVector":"ycXRqXpcQhg4tRQs8Lc9L3.0","action":"EncryptionKeysFetcher.DownloadKeys:", "result":"Success", "context":Key count: 1, Last key timestamp: 2025-03-30T05:41:00Z}
{"logTime": "0830/225939", "correlationVector":"ycXRqXpcQhg4tRQs8Lc9L3.1","action":"EncryptionKeysManager::SetEncryptionKeys:", "result":"Success", "context":Key names[1]:[oBxrG+Q5hdii8hq5LlNWPJwd0INkXOivlL/8f5+aVVi1Agxf81naMz6iITuWQ1z65E34TTt2fxqj5wob6bxijQ==]}
{"logTime": "0830/225939", "correlationVector":"ycXRqXpcQhg4tRQs8Lc9L3.2","action":"EncryptionKeysManager::SetEncryptionKeysWithTimestamps:", "result":"Success", "context":Key timestamps[1]:[2025-03-30T05:41:00Z]}
{"logTime": "0830/225939", "correlationVector":"BsY9ChOmqWdPAGQyRXM0ns","action":"Initial GetUpdates", "result":"", "context":Reason: NEW_CLIENT. cV=BsY9ChOmqWdPAGQyRXM0ns}
{"logTime": "0830/225939", "correlationVector":"BsY9ChOmqWdPAGQyRXM0ns.3","action":"GetUpdates Response", "result":"Success", "context":Received 1 update(s). cV=BsY9ChOmqWdPAGQyRXM0ns.0;server=akswtt10100000a;cloudType=Consumer;environment=Prod_germanywestcentral_prod-s01-010-eur-germanywestcentral;migrationStage=NotStarted}
{"logTime": "0830/225939", "correlationVector":"b5iWjndlOXNMHr+ZJva6GA","action":"Initial GetUpdates", "result":"", "context":Reason: NEWLY_SUPPORTED_DATATYPE. cV=b5iWjndlOXNMHr+ZJva6GA}
{"logTime": "0830/225939", "correlationVector":"b5iWjndlOXNMHr+ZJva6GA.1","action":"SyncServerConnectionManagerRequest", "result":"SYNC_SERVER_OK", "context":{"environment":"Prod_germanywestcentral_prod-s01-010-eur-germanywestcentral", "migrationStage":"NotStarted", "server":"akswtt101000002"}}
{"logTime": "0830/225939", "correlationVector":"b5iWjndlOXNMHr+ZJva6GA.2","action":"ProcessGetUpdates", "result":"Done", "context":{"dataType":"Preferences", "deleted":"1", "process_failed_to_decrypt":"0", "process_pending_decryption":"0", "process_success":"60", "total":"60"}}
{"logTime": "0830/225939", "correlationVector":"b5iWjndlOXNMHr+ZJva6GA.3","action":"ProcessGetUpdates", "result":"Done", "context":{"dataType":"Passwords", "deleted":"4", "process_failed_to_decrypt":"0", "process_pending_decryption":"0", "process_success":"20", "total":"20"}}
{"logTime": "0830/225939", "correlationVector":"b5iWjndlOXNMHr+ZJva6GA.4","action":"ProcessGetUpdates", "result":"Done", "context":{"dataType":"Device Info", "deleted":"0", "process_failed_to_decrypt":"0", "process_pending_decryption":"0", "process_success":"13", "total":"13"}}
{"logTime": "0830/225939", "correlationVector":"b5iWjndlOXNMHr+ZJva6GA.5","action":"GetUpdates Response", "result":"Success", "context":Received 93 update(s). cV=b5iWjndlOXNMHr+ZJva6GA.0;server=akswtt101000002;cloudType=Consumer;environment=Prod_germanywestcentral_prod-s01-010-eur-germanywestcentral;migrationStage=NotStarted}
{"logTime": "0830/225939", "correlationVector":"/Juv/tGVQiQk9gwg9ySahF","action":"Initial GetUpdates", "result":"", "context":Reason: NEWLY_SUPPORTED_DATATYPE. cV=/Juv/tGVQiQk9gwg9ySahF}
{"logTime": "0830/225940", "correlationVector":"/Juv/tGVQiQk9gwg9ySahF.1","action":"SyncServerConnectionManagerRequest", "result":"SYNC_SERVER_OK", "context":{"environment":"Prod_germanywestcentral_prod-s01-010-eur-germanywestcentral", "migrationStage":"NotStarted", "server":"akswtt10100000d"}}
{"logTime": "0830/225940", "correlationVector":"/Juv/tGVQiQk9gwg9ySahF.2","action":"ProcessGetUpdates", "result":"Done", "context":{"dataType":"Bookmarks", "deleted":"1", "process_failed_to_decrypt":"0", "process_pending_decryption":"0", "process_success":"13", "total":"13"}}
{"logTime": "0830/225940", "correlationVector":"/Juv/tGVQiQk9gwg9ySahF.3","action":"GetUpdates Response", "result":"Success", "context":Received 13 update(s). cV=/Juv/tGVQiQk9gwg9ySahF.0;server=akswtt10100000d;cloudType=Consumer;environment=Prod_germanywestcentral_prod-s01-010-eur-germanywestcentral;migrationStage=NotStarted}
{"logTime": "0830/225940", "correlationVector":"fKGCxc7hgRIil/GNhDrC4t","action":"Initial GetUpdates", "result":"", "context":Reason: NEWLY_SUPPORTED_DATATYPE. cV=fKGCxc7hgRIil/GNhDrC4t}
{"logTime": "0830/225940", "correlationVector":"fKGCxc7hgRIil/GNhDrC4t.1","action":"SyncServerConnectionManagerRequest", "result":"SYNC_SERVER_OK", "context":{"environment":"Prod_germanywestcentral_prod-s01-010-eur-germanywestcentral", "migrationStage":"NotStarted", "server":"akswtt10100000c"}}
{"logTime": "0830/225940", "correlationVector":"fKGCxc7hgRIil/GNhDrC4t.2","action":"ProcessGetUpdates", "result":"Done", "context":{"dataType":"Autofill Profiles", "deleted":"0", "process_failed_to_decrypt":"0", "process_pending_decryption":"0", "process_success":"13", "total":"13"}}
{"logTime": "0830/225940", "correlationVector":"fKGCxc7hgRIil/GNhDrC4t.3","action":"ProcessGetUpdates", "result":"Done", "context":{"dataType":"Autofill", "deleted":"0", "process_failed_to_decrypt":"0", "process_pending_decryption":"0", "process_success":"93", "total":"93"}}
{"logTime": "0830/225940", "correlationVector":"fKGCxc7hgRIil/GNhDrC4t.4","action":"ProcessGetUpdates", "result":"Done", "context":{"dataType":"Sessions", "deleted":"139", "process_failed_to_decrypt":"0", "process_pending_decryption":"0", "process_success":"139", "total":"139"}}
{"logTime": "0830/225940", "correlationVector":"fKGCxc7hgRIil/GNhDrC4t.5","action":"ProcessGetUpdates", "result":"Done", "context":{"dataType":"Edge Hub App Usage", "deleted":"0", "process_failed_to_decrypt":"0", "process_pending_decryption":"0", "process_success":"5", "total":"5"}}
{"logTime": "0830/225940", "correlationVector":"fKGCxc7hgRIil/GNhDrC4t.6","action":"GetUpdates Response", "result":"Success", "context":Received 250 update(s). cV=fKGCxc7hgRIil/GNhDrC4t.0;server=akswtt10100000c;cloudType=Consumer;environment=Prod_germanywestcentral_prod-s01-010-eur-germanywestcentral;migrationStage=NotStarted Some updates remain.}
{"logTime": "0830/225940", "correlationVector":"rzMBxrGUAXLUa9n8mun4I0","action":"Initial GetUpdates", "result":"", "context":Reason: NEWLY_SUPPORTED_DATATYPE. cV=rzMBxrGUAXLUa9n8mun4I0}
{"logTime": "0830/225940", "correlationVector":"rzMBxrGUAXLUa9n8mun4I0.1","action":"SyncServerConnectionManagerRequest", "result":"SYNC_SERVER_OK", "context":{"environment":"Prod_germanywestcentral_prod-s01-010-eur-germanywestcentral", "migrationStage":"NotStarted", "server":"akswtt10100000d"}}
{"logTime": "0830/225940", "correlationVector":"rzMBxrGUAXLUa9n8mun4I0.2","action":"ProcessGetUpdates", "result":"Done", "context":{"dataType":"Autofill Profiles", "deleted":"0", "process_failed_to_decrypt":"0", "process_pending_decryption":"0", "process_success":"3", "total":"3"}}
{"logTime": "0830/225940", "correlationVector":"rzMBxrGUAXLUa9n8mun4I0.3","action":"ProcessGetUpdates", "result":"Done", "context":{"dataType":"Autofill", "deleted":"0", "process_failed_to_decrypt":"0", "process_pending_decryption":"0", "process_success":"90", "total":"90"}}
{"logTime": "0830/225940", "correlationVector":"rzMBxrGUAXLUa9n8mun4I0.4","action":"ProcessGetUpdates", "result":"Done", "context":{"dataType":"Sessions", "deleted":"127", "process_failed_to_decrypt":"0", "process_pending_decryption":"0", "process_success":"145", "total":"145"}}
{"logTime": "0830/225940", "correlationVector":"rzMBxrGUAXLUa9n8mun4I0.5","action":"ProcessGetUpdates", "result":"Done", "context":{"dataType":"Web Apps", "deleted":"0", "process_failed_to_decrypt":"0", "process_pending_decryption":"0", "process_success":"1", "total":"1"}}
{"logTime": "0830/225940", "correlationVector":"rzMBxrGUAXLUa9n8mun4I0.6","action":"ProcessGetUpdates", "result":"Done", "context":{"dataType":"Edge Hub App Usage", "deleted":"0", "process_failed_to_decrypt":"0", "process_pending_decryption":"0", "process_success":"11", "total":"11"}}
{"logTime": "0830/225940", "correlationVector":"rzMBxrGUAXLUa9n8mun4I0.7","action":"GetUpdates Response", "result":"Success", "context":Received 250 update(s). cV=rzMBxrGUAXLUa9n8mun4I0.0;server=akswtt10100000d;cloudType=Consumer;environment=Prod_germanywestcentral_prod-s01-010-eur-germanywestcentral;migrationStage=NotStarted Some updates remain.}
{"logTime": "0830/225940", "correlationVector":"/ZVh/S/br3Lh/ne71ehvnw","action":"Initial GetUpdates", "result":"", "context":Reason: NEWLY_SUPPORTED_DATATYPE. cV=/ZVh/S/br3Lh/ne71ehvnw}
{"logTime": "0830/225940", "correlationVector":"/ZVh/S/br3Lh/ne71ehvnw.1","action":"SyncServerConnectionManagerRequest", "result":"SYNC_SERVER_OK", "context":{"environment":"Prod_germanywestcentral_prod-s01-011-eur-germanywestcentral", "migrationStage":"NotStarted", "server":"akswtt101000003"}}
{"logTime": "0830/225940", "correlationVector":"/ZVh/S/br3Lh/ne71ehvnw.2","action":"ProcessGetUpdates", "result":"Done", "context":{"dataType":"Autofill Profiles", "deleted":"0", "process_failed_to_decrypt":"0", "process_pending_decryption":"0", "process_success":"3", "total":"3"}}
{"logTime": "0830/225940", "correlationVector":"/ZVh/S/br3Lh/ne71ehvnw.3","action":"ProcessGetUpdates", "result":"Done", "context":{"dataType":"Autofill", "deleted":"0", "process_failed_to_decrypt":"0", "process_pending_decryption":"0", "process_success":"66", "total":"66"}}
{"logTime": "0830/225940", "correlationVector":"/ZVh/S/br3Lh/ne71ehvnw.4","action":"ProcessGetUpdates", "result":"Done", "context":{"dataType":"Sessions", "deleted":"79", "process_failed_to_decrypt":"0", "process_pending_decryption":"0", "process_success":"89", "total":"89"}}
{"logTime": "0830/225940", "correlationVector":"/ZVh/S/br3Lh/ne71ehvnw.5","action":"ProcessGetUpdates", "result":"Done", "context":{"dataType":"Edge Hub App Usage", "deleted":"1", "process_failed_to_decrypt":"0", "process_pending_decryption":"0", "process_success":"1", "total":"1"}}
{"logTime": "0830/225940", "correlationVector":"/ZVh/S/br3Lh/ne71ehvnw.6","action":"GetUpdates Response", "result":"Success", "context":Received 159 update(s). cV=/ZVh/S/br3Lh/ne71ehvnw.0;server=akswtt101000003;cloudType=Consumer;environment=Prod_germanywestcentral_prod-s01-011-eur-germanywestcentral;migrationStage=NotStarted}
{"logTime": "0830/225940", "correlationVector":"qj2d1K/Ntuucwzpe/0FigD","action":"Initial GetUpdates", "result":"", "context":Reason: NEWLY_SUPPORTED_DATATYPE. cV=qj2d1K/Ntuucwzpe/0FigD}
{"logTime": "0830/225941", "correlationVector":"qj2d1K/Ntuucwzpe/0FigD.1","action":"SyncServerConnectionManagerRequest", "result":"SYNC_SERVER_OK", "context":{"environment":"Prod_germanywestcentral_prod-s01-011-eur-germanywestcentral", "migrationStage":"NotStarted", "server":"akswtt10100000i"}}
{"logTime": "0830/225941", "correlationVector":"qj2d1K/Ntuucwzpe/0FigD.2","action":"ProcessGetUpdates", "result":"Done", "context":{"dataType":"History", "deleted":"0", "process_failed_to_decrypt":"0", "process_pending_decryption":"0", "process_success":"250", "total":"250"}}
{"logTime": "0830/225941", "correlationVector":"qj2d1K/Ntuucwzpe/0FigD.3","action":"GetUpdates Response", "result":"Success", "context":Received 250 update(s). cV=qj2d1K/Ntuucwzpe/0FigD.0;server=akswtt10100000i;cloudType=Consumer;environment=Prod_germanywestcentral_prod-s01-011-eur-germanywestcentral;migrationStage=NotStarted Some updates remain.}
{"logTime": "0830/225941", "correlationVector":"OlK03tbRlPcrN686nV8WDs","action":"Initial GetUpdates", "result":"", "context":Reason: NEWLY_SUPPORTED_DATATYPE. cV=OlK03tbRlPcrN686nV8WDs}
{"logTime": "0830/225941", "correlationVector":"OlK03tbRlPcrN686nV8WDs.1","action":"SyncServerConnectionManagerRequest", "result":"SYNC_SERVER_OK", "context":{"environment":"Prod_germanywestcentral_prod-s01-011-eur-germanywestcentral", "migrationStage":"NotStarted", "server":"akswtt10100000r"}}
{"logTime": "0830/225941", "correlationVector":"OlK03tbRlPcrN686nV8WDs.2","action":"ProcessGetUpdates", "result":"Done", "context":{"dataType":"History", "deleted":"0", "process_failed_to_decrypt":"0", "process_pending_decryption":"0", "process_success":"250", "total":"250"}}
{"logTime": "0830/225941", "correlationVector":"OlK03tbRlPcrN686nV8WDs.3","action":"GetUpdates Response", "result":"Success", "context":Received 250 update(s). cV=OlK03tbRlPcrN686nV8WDs.0;server=akswtt10100000r;cloudType=Consumer;environment=Prod_germanywestcentral_prod-s01-011-eur-germanywestcentral;migrationStage=NotStarted Some updates remain.}
{"logTime": "0830/225941", "correlationVector":"MDSLj012OjU9eFnpgu3jb5","action":"Initial GetUpdates", "result":"", "context":Reason: NEWLY_SUPPORTED_DATATYPE. cV=MDSLj012OjU9eFnpgu3jb5}
{"logTime": "0830/225942", "correlationVector":"MDSLj012OjU9eFnpgu3jb5.1","action":"SyncServerConnectionManagerRequest", "result":"SYNC_SERVER_OK", "context":{"environment":"Prod_germanywestcentral_prod-s01-011-eur-germanywestcentral", "migrationStage":"NotStarted", "server":"akswtt101000003"}}
{"logTime": "0830/225942", "correlationVector":"MDSLj012OjU9eFnpgu3jb5.2","action":"ProcessGetUpdates", "result":"Done", "context":{"dataType":"History", "deleted":"0", "process_failed_to_decrypt":"0", "process_pending_decryption":"0", "process_success":"250", "total":"250"}}
{"logTime": "0830/225942", "correlationVector":"MDSLj012OjU9eFnpgu3jb5.3","action":"GetUpdates Response", "result":"Success", "context":Received 250 update(s). cV=MDSLj012OjU9eFnpgu3jb5.0;server=akswtt101000003;cloudType=Consumer;environment=Prod_germanywestcentral_prod-s01-011-eur-germanywestcentral;migrationStage=NotStarted Some updates remain.}
{"logTime": "0830/225942", "correlationVector":"PgXR3PxyR9MPb1jbU8LbJ5","action":"Initial GetUpdates", "result":"", "context":Reason: NEWLY_SUPPORTED_DATATYPE. cV=PgXR3PxyR9MPb1jbU8LbJ5}
{"logTime": "0830/225942", "correlationVector":"PgXR3PxyR9MPb1jbU8LbJ5.1","action":"SyncServerConnectionManagerRequest", "result":"SYNC_SERVER_OK", "context":{"environment":"Prod_germanywestcentral_prod-s01-011-eur-germanywestcentral", "migrationStage":"NotStarted", "server":"akswtt10100000i"}}
{"logTime": "0830/225942", "correlationVector":"PgXR3PxyR9MPb1jbU8LbJ5.2","action":"ProcessGetUpdates", "result":"Done", "context":{"dataType":"History", "deleted":"0", "process_failed_to_decrypt":"0", "process_pending_decryption":"0", "process_success":"250", "total":"250"}}
{"logTime": "0830/225942", "correlationVector":"PgXR3PxyR9MPb1jbU8LbJ5.3","action":"GetUpdates Response", "result":"Success", "context":Received 250 update(s). cV=PgXR3PxyR9MPb1jbU8LbJ5.0;server=akswtt10100000i;cloudType=Consumer;environment=Prod_germanywestcentral_prod-s01-011-eur-germanywestcentral;migrationStage=NotStarted Some updates remain.}
{"logTime": "0830/225942", "correlationVector":"8EbAVG2GnePuC6HaYdrEKF","action":"Initial GetUpdates", "result":"", "context":Reason: NEWLY_SUPPORTED_DATATYPE. cV=8EbAVG2GnePuC6HaYdrEKF}
{"logTime": "0830/225942", "correlationVector":"8EbAVG2GnePuC6HaYdrEKF.1","action":"SyncServerConnectionManagerRequest", "result":"SYNC_SERVER_OK", "context":{"environment":"Prod_germanywestcentral_prod-s01-011-eur-germanywestcentral", "migrationStage":"NotStarted", "server":"akswtt10100000r"}}
{"logTime": "0830/225942", "correlationVector":"8EbAVG2GnePuC6HaYdrEKF.2","action":"ProcessGetUpdates", "result":"Done", "context":{"dataType":"History", "deleted":"0", "process_failed_to_decrypt":"0", "process_pending_decryption":"0", "process_success":"250", "total":"250"}}
{"logTime": "0830/225942", "correlationVector":"8EbAVG2GnePuC6HaYdrEKF.3","action":"GetUpdates Response", "result":"Success", "context":Received 250 update(s). cV=8EbAVG2GnePuC6HaYdrEKF.0;server=akswtt10100000r;cloudType=Consumer;environment=Prod_germanywestcentral_prod-s01-011-eur-germanywestcentral;migrationStage=NotStarted Some updates remain.}
{"logTime": "0830/225942", "correlationVector":"pyQaUIIMGUJuUPEDK+kqaO","action":"Initial GetUpdates", "result":"", "context":Reason: NEWLY_SUPPORTED_DATATYPE. cV=pyQaUIIMGUJuUPEDK+kqaO}
{"logTime": "0830/225943", "correlationVector":"pyQaUIIMGUJuUPEDK+kqaO.1","action":"SyncServerConnectionManagerRequest", "result":"SYNC_SERVER_OK", "context":{"environment":"Prod_germanywestcentral_prod-s01-011-eur-germanywestcentral", "migrationStage":"NotStarted", "server":"akswtt101000011"}}
{"logTime": "0830/225943", "correlationVector":"pyQaUIIMGUJuUPEDK+kqaO.2","action":"ProcessGetUpdates", "result":"Done", "context":{"dataType":"History", "deleted":"0", "process_failed_to_decrypt":"0", "process_pending_decryption":"0", "process_success":"250", "total":"250"}}
{"logTime": "0830/225943", "correlationVector":"pyQaUIIMGUJuUPEDK+kqaO.3","action":"GetUpdates Response", "result":"Success", "context":Received 250 update(s). cV=pyQaUIIMGUJuUPEDK+kqaO.0;server=akswtt101000011;cloudType=Consumer;environment=Prod_germanywestcentral_prod-s01-011-eur-germanywestcentral;migrationStage=NotStarted Some updates remain.}
{"logTime": "0830/225943", "correlationVector":"TEXOKJQLGVM7SFgH6qtcmk","action":"Initial GetUpdates", "result":"", "context":Reason: NEWLY_SUPPORTED_DATATYPE. cV=TEXOKJQLGVM7SFgH6qtcmk}
{"logTime": "0830/225943", "correlationVector":"TEXOKJQLGVM7SFgH6qtcmk.1","action":"SyncServerConnectionManagerRequest", "result":"SYNC_SERVER_OK", "context":{"environment":"Prod_germanywestcentral_prod-s01-011-eur-germanywestcentral", "migrationStage":"NotStarted", "server":"akswtt10100000i"}}
{"logTime": "0830/225943", "correlationVector":"TEXOKJQLGVM7SFgH6qtcmk.2","action":"ProcessGetUpdates", "result":"Done", "context":{"dataType":"History", "deleted":"0", "process_failed_to_decrypt":"0", "process_pending_decryption":"0", "process_success":"250", "total":"250"}}
{"logTime": "0830/225943", "correlationVector":"TEXOKJQLGVM7SFgH6qtcmk.3","action":"GetUpdates Response", "result":"Success", "context":Received 250 update(s). cV=TEXOKJQLGVM7SFgH6qtcmk.0;server=akswtt10100000i;cloudType=Consumer;environment=Prod_germanywestcentral_prod-s01-011-eur-germanywestcentral;migrationStage=NotStarted Some updates remain.}
{"logTime": "0830/225943", "correlationVector":"cCj2cKXu/edenpCuKlYFn7","action":"Initial GetUpdates", "result":"", "context":Reason: NEWLY_SUPPORTED_DATATYPE. cV=cCj2cKXu/edenpCuKlYFn7}
{"logTime": "0830/225943", "correlationVector":"cCj2cKXu/edenpCuKlYFn7.1","action":"SyncServerConnectionManagerRequest", "result":"SYNC_SERVER_OK", "context":{"environment":"Prod_germanywestcentral_prod-s01-011-eur-germanywestcentral", "migrationStage":"NotStarted", "server":"akswtt10100000r"}}
{"logTime": "0830/225943", "correlationVector":"cCj2cKXu/edenpCuKlYFn7.2","action":"ProcessGetUpdates", "result":"Done", "context":{"dataType":"History", "deleted":"0", "process_failed_to_decrypt":"0", "process_pending_decryption":"0", "process_success":"250", "total":"250"}}
{"logTime": "0830/225943", "correlationVector":"cCj2cKXu/edenpCuKlYFn7.3","action":"GetUpdates Response", "result":"Success", "context":Received 250 update(s). cV=cCj2cKXu/edenpCuKlYFn7.0;server=akswtt10100000r;cloudType=Consumer;environment=Prod_germanywestcentral_prod-s01-011-eur-germanywestcentral;migrationStage=NotStarted Some updates remain.}
{"logTime": "0830/225943", "correlationVector":"RDMNN8i5aPQlfePTnYpeLn","action":"Initial GetUpdates", "result":"", "context":Reason: NEWLY_SUPPORTED_DATATYPE. cV=RDMNN8i5aPQlfePTnYpeLn}
{"logTime": "0830/225944", "correlationVector":"RDMNN8i5aPQlfePTnYpeLn.1","action":"SyncServerConnectionManagerRequest", "result":"SYNC_SERVER_OK", "context":{"environment":"Prod_germanywestcentral_prod-s01-011-eur-germanywestcentral", "migrationStage":"NotStarted", "server":"akswtt101000011"}}
{"logTime": "0830/225944", "correlationVector":"RDMNN8i5aPQlfePTnYpeLn.2","action":"ProcessGetUpdates", "result":"Done", "context":{"dataType":"History", "deleted":"0", "process_failed_to_decrypt":"0", "process_pending_decryption":"0", "process_success":"250", "total":"250"}}
{"logTime": "0830/225944", "correlationVector":"RDMNN8i5aPQlfePTnYpeLn.3","action":"GetUpdates Response", "result":"Success", "context":Received 250 update(s). cV=RDMNN8i5aPQlfePTnYpeLn.0;server=akswtt101000011;cloudType=Consumer;environment=Prod_germanywestcentral_prod-s01-011-eur-germanywestcentral;migrationStage=NotStarted Some updates remain.}
{"logTime": "0830/225944", "correlationVector":"GAkTIjc0HdZdhMuvicKtcL","action":"Initial GetUpdates", "result":"", "context":Reason: NEWLY_SUPPORTED_DATATYPE. cV=GAkTIjc0HdZdhMuvicKtcL}
{"logTime": "0830/225944", "correlationVector":"GAkTIjc0HdZdhMuvicKtcL.1","action":"SyncServerConnectionManagerRequest", "result":"SYNC_SERVER_OK", "context":{"environment":"Prod_germanywestcentral_prod-s01-011-eur-germanywestcentral", "migrationStage":"NotStarted", "server":"akswtt10100000k"}}
{"logTime": "0830/225944", "correlationVector":"GAkTIjc0HdZdhMuvicKtcL.2","action":"ProcessGetUpdates", "result":"Done", "context":{"dataType":"History", "deleted":"0", "process_failed_to_decrypt":"0", "process_pending_decryption":"0", "process_success":"250", "total":"250"}}
{"logTime": "0830/225944", "correlationVector":"GAkTIjc0HdZdhMuvicKtcL.3","action":"GetUpdates Response", "result":"Success", "context":Received 250 update(s). cV=GAkTIjc0HdZdhMuvicKtcL.0;server=akswtt10100000k;cloudType=Consumer;environment=Prod_germanywestcentral_prod-s01-011-eur-germanywestcentral;migrationStage=NotStarted Some updates remain.}
{"logTime": "0830/225944", "correlationVector":"muizZcKjNLETjT/0/Rkad/","action":"Initial GetUpdates", "result":"", "context":Reason: NEWLY_SUPPORTED_DATATYPE. cV=muizZcKjNLETjT/0/Rkad/}
{"logTime": "0830/225945", "correlationVector":"muizZcKjNLETjT/0/Rkad/.1","action":"SyncServerConnectionManagerRequest", "result":"SYNC_SERVER_OK", "context":{"environment":"Prod_germanywestcentral_prod-s01-011-eur-germanywestcentral", "migrationStage":"NotStarted", "server":"akswtt10100000i"}}
{"logTime": "0830/225945", "correlationVector":"muizZcKjNLETjT/0/Rkad/.2","action":"ProcessGetUpdates", "result":"Done", "context":{"dataType":"History", "deleted":"0", "process_failed_to_decrypt":"0", "process_pending_decryption":"0", "process_success":"250", "total":"250"}}
{"logTime": "0830/225945", "correlationVector":"muizZcKjNLETjT/0/Rkad/.3","action":"GetUpdates Response", "result":"Success", "context":Received 250 update(s). cV=muizZcKjNLETjT/0/Rkad/.0;server=akswtt10100000i;cloudType=Consumer;environment=Prod_germanywestcentral_prod-s01-011-eur-germanywestcentral;migrationStage=NotStarted Some updates remain.}
{"logTime": "0830/225945", "correlationVector":"4N5sANc2tZ1QpFzqYc3liD","action":"Initial GetUpdates", "result":"", "context":Reason: NEWLY_SUPPORTED_DATATYPE. cV=4N5sANc2tZ1QpFzqYc3liD}
{"logTime": "0830/225945", "correlationVector":"4N5sANc2tZ1QpFzqYc3liD.1","action":"SyncServerConnectionManagerRequest", "result":"SYNC_SERVER_OK", "context":{"environment":"Prod_germanywestcentral_prod-s01-011-eur-germanywestcentral", "migrationStage":"NotStarted", "server":"akswtt10100000r"}}
{"logTime": "0830/225945", "correlationVector":"4N5sANc2tZ1QpFzqYc3liD.2","action":"ProcessGetUpdates", "result":"Done", "context":{"dataType":"History", "deleted":"0", "process_failed_to_decrypt":"0", "process_pending_decryption":"0", "process_success":"250", "total":"250"}}
{"logTime": "0830/225945", "correlationVector":"4N5sANc2tZ1QpFzqYc3liD.3","action":"GetUpdates Response", "result":"Success", "context":Received 250 update(s). cV=4N5sANc2tZ1QpFzqYc3liD.0;server=akswtt10100000r;cloudType=Consumer;environment=Prod_germanywestcentral_prod-s01-011-eur-germanywestcentral;migrationStage=NotStarted Some updates remain.}
{"logTime": "0830/225945", "correlationVector":"F627DW5c2LBmXCsM4ImQpR","action":"Initial GetUpdates", "result":"", "context":Reason: NEWLY_SUPPORTED_DATATYPE. cV=F627DW5c2LBmXCsM4ImQpR}
{"logTime": "0830/225945", "correlationVector":"F627DW5c2LBmXCsM4ImQpR.1","action":"SyncServerConnectionManagerRequest", "result":"SYNC_SERVER_OK", "context":{"environment":"Prod_germanywestcentral_prod-s01-011-eur-germanywestcentral", "migrationStage":"NotStarted", "server":"akswtt101000011"}}
{"logTime": "0830/225945", "correlationVector":"F627DW5c2LBmXCsM4ImQpR.2","action":"ProcessGetUpdates", "result":"Done", "context":{"dataType":"History", "deleted":"0", "process_failed_to_decrypt":"0", "process_pending_decryption":"0", "process_success":"250", "total":"250"}}
{"logTime": "0830/225945", "correlationVector":"F627DW5c2LBmXCsM4ImQpR.3","action":"GetUpdates Response", "result":"Success", "context":Received 250 update(s). cV=F627DW5c2LBmXCsM4ImQpR.0;server=akswtt101000011;cloudType=Consumer;environment=Prod_germanywestcentral_prod-s01-011-eur-germanywestcentral;migrationStage=NotStarted Some updates remain.}
{"logTime": "0830/225945", "correlationVector":"sD6lqBucd3Ws2kGs+CVJd/","action":"Initial GetUpdates", "result":"", "context":Reason: NEWLY_SUPPORTED_DATATYPE. cV=sD6lqBucd3Ws2kGs+CVJd/}
{"logTime": "0830/225946", "correlationVector":"sD6lqBucd3Ws2kGs+CVJd/.1","action":"SyncServerConnectionManagerRequest", "result":"SYNC_SERVER_OK", "context":{"environment":"Prod_germanywestcentral_prod-s01-011-eur-germanywestcentral", "migrationStage":"NotStarted", "server":"akswtt10100000k"}}
{"logTime": "0830/225946", "correlationVector":"sD6lqBucd3Ws2kGs+CVJd/.2","action":"ProcessGetUpdates", "result":"Done", "context":{"dataType":"History", "deleted":"0", "process_failed_to_decrypt":"0", "process_pending_decryption":"0", "process_success":"250", "total":"250"}}
{"logTime": "0830/225946", "correlationVector":"sD6lqBucd3Ws2kGs+CVJd/.3","action":"GetUpdates Response", "result":"Success", "context":Received 250 update(s). cV=sD6lqBucd3Ws2kGs+CVJd/.0;server=akswtt10100000k;cloudType=Consumer;environment=Prod_germanywestcentral_prod-s01-011-eur-germanywestcentral;migrationStage=NotStarted Some updates remain.}
{"logTime": "0830/225946", "correlationVector":"XqJ6vOl8AIwjUFqYeqtnaH","action":"Initial GetUpdates", "result":"", "context":Reason: NEWLY_SUPPORTED_DATATYPE. cV=XqJ6vOl8AIwjUFqYeqtnaH}
{"logTime": "0830/225946", "correlationVector":"XqJ6vOl8AIwjUFqYeqtnaH.1","action":"SyncServerConnectionManagerRequest", "result":"SYNC_SERVER_OK", "context":{"environment":"Prod_germanywestcentral_prod-s01-011-eur-germanywestcentral", "migrationStage":"NotStarted", "server":"akswtt10100000r"}}
{"logTime": "0830/225946", "correlationVector":"XqJ6vOl8AIwjUFqYeqtnaH.2","action":"ProcessGetUpdates", "result":"Done", "context":{"dataType":"History", "deleted":"0", "process_failed_to_decrypt":"0", "process_pending_decryption":"0", "process_success":"250", "total":"250"}}
{"logTime": "0830/225946", "correlationVector":"XqJ6vOl8AIwjUFqYeqtnaH.3","action":"GetUpdates Response", "result":"Success", "context":Received 250 update(s). cV=XqJ6vOl8AIwjUFqYeqtnaH.0;server=akswtt10100000r;cloudType=Consumer;environment=Prod_germanywestcentral_prod-s01-011-eur-germanywestcentral;migrationStage=NotStarted Some updates remain.}
{"logTime": "0830/225946", "correlationVector":"iUDAyjyk8pt49vpG/wem1C","action":"Initial GetUpdates", "result":"", "context":Reason: NEWLY_SUPPORTED_DATATYPE. cV=iUDAyjyk8pt49vpG/wem1C}
{"logTime": "0830/225946", "correlationVector":"iUDAyjyk8pt49vpG/wem1C.1","action":"SyncServerConnectionManagerRequest", "result":"SYNC_SERVER_OK", "context":{"environment":"Prod_germanywestcentral_prod-s01-011-eur-germanywestcentral", "migrationStage":"NotStarted", "server":"akswtt101000003"}}
{"logTime": "0830/225946", "correlationVector":"iUDAyjyk8pt49vpG/wem1C.2","action":"ProcessGetUpdates", "result":"Done", "context":{"dataType":"History", "deleted":"0", "process_failed_to_decrypt":"0", "process_pending_decryption":"0", "process_success":"63", "total":"63"}}
{"logTime": "0830/225946", "correlationVector":"iUDAyjyk8pt49vpG/wem1C.3","action":"GetUpdates Response", "result":"Success", "context":Received 63 update(s). cV=iUDAyjyk8pt49vpG/wem1C.0;server=akswtt101000003;cloudType=Consumer;environment=Prod_germanywestcentral_prod-s01-011-eur-germanywestcentral;migrationStage=NotStarted}
{"logTime": "0830/225946", "correlationVector":"Sex1OuTYmyAT6N4gnKlxjc","action":"Normal GetUpdate request", "result":"", "context":cV=Sex1OuTYmyAT6N4gnKlxjc
Nudged types: Preferences, Sessions, Device Info, User Consents, History, Edge Hub App Usage
Refresh requested types: Bookmarks, Preferences, Passwords, Autofill Profiles, Autofill, Extensions, Sessions, Extension settings, History Delete Directives, Device Info, User Consents, Send Tab To Self, Web Apps, History, Saved Tab Group, WebAuthn Credentials, Collection, Edge E Drop, Edge Hub App Usage, Edge Wallet, Encryption Keys}
{"logTime": "0830/225946", "correlationVector":"Sex1OuTYmyAT6N4gnKlxjc.1","action":"SyncServerConnectionManagerRequest", "result":"SYNC_SERVER_OK", "context":{"environment":"Prod_germanywestcentral_prod-s01-011-eur-germanywestcentral", "migrationStage":"NotStarted", "server":"akswtt10100000k"}}
{"logTime": "0830/225946", "correlationVector":"Sex1OuTYmyAT6N4gnKlxjc.2","action":"GetUpdates Response", "result":"Success", "context":Received 0 update(s). cV=Sex1OuTYmyAT6N4gnKlxjc.0;server=akswtt10100000k;cloudType=Consumer;environment=Prod_germanywestcentral_prod-s01-011-eur-germanywestcentral;migrationStage=NotStarted}
{"logTime": "0830/225946", "correlationVector":"qR91+1W0Bjfj9u4ssABLgO","action":"Commit Request", "result":"", "context":Item count: 8
Contributing types: Preferences, Sessions, Device Info, User Consents, History, Edge Hub App Usage}
{"logTime": "0830/225947", "correlationVector":"qR91+1W0Bjfj9u4ssABLgO.1","action":"SyncServerConnectionManagerRequest", "result":"SYNC_SERVER_OK", "context":{"environment":"Prod_germanywestcentral_prod-s01-011-eur-germanywestcentral", "migrationStage":"NotStarted", "server":"akswtt10100000r"}}
{"logTime": "0830/225947", "correlationVector":"qR91+1W0Bjfj9u4ssABLgO.2","action":"Commit Response", "result":"Success", "context":Result: Success. cV=qR91+1W0Bjfj9u4ssABLgO.0;server=akswtt10100000r;cloudType=Consumer;environment=Prod_germanywestcentral_prod-s01-011-eur-germanywestcentral;migrationStage=NotStarted}
